info it worked if it ends with ok
verbose cli [ 'node', '/usr/local/bin/npm', 'install', '-g' ]
info using npm@1.1.21
info using node@v0.6.17
verbose config file /home/cure/.npmrc
verbose config file /usr/local/etc/npmrc
verbose config file /usr/local/lib/node_modules/npm/npmrc
verbose cache add [ '.', null ]
silly cache add: name, spec, args [ undefined, '.', [ '.', null ] ]
verbose parsed url { pathname: '.', path: '.', href: '.' }
verbose caching package.json
verbose loadDefaults oicplatform@0.0.1
verbose tar.pack [ '/tmp/npm-1336735031553/1336735031553-0.9646032645832747/tmp.tgz',
verbose tar.pack   '.' ]
verbose tarball /tmp/npm-1336735031553/1336735031553-0.9646032645832747/tmp.tgz
verbose folder .
verbose unpack /tmp/npm-1336735031553/1336735031553-0.9646032645832747/tmp.tgz
silly gunzTarPerm modes [ '755', '644' ]
silly extracting entry package.json
silly extracting entry .npmignore
silly extracting entry README.md
silly extracting entry TODO
silly extracting entry components/base/basenew.coffee
silly extracting entry components/base/needim-noty-f288604/.npmignore
silly extracting entry components/base/needim-noty-f288604/js/promise.js
silly extracting entry components/base/needim-noty-f288604/js/jquery.noty.js
silly extracting entry components/base/needim-noty-f288604/LICENSE.txt
silly extracting entry components/base/needim-noty-f288604/README.markdown
silly extracting entry components/base/needim-noty-f288604/css/jquery.noty.css
silly extracting entry components/base/needim-noty-f288604/css/noty_theme_twitter.css
silly extracting entry components/base/needim-noty-f288604/css/noty_theme_mitgux.css
silly extracting entry components/base/needim-noty-f288604/css/noty_theme_default.css
silly extracting entry components/base/needim-noty-f288604/css/noty_theme_facebook.css
silly extracting entry components/base/oldbase.coffee
silly extracting entry components/base/scripts
silly extracting entry components/base/base.html
silly extracting entry components/base/js/handlebars.js
