0 info it worked if it ends with ok
1 verbose cli [ '/home/runvnc/local/bin/node',
1 verbose cli   '/home/runvnc/local/bin/npm',
1 verbose cli   'install' ]
2 info using npm@1.1.61
3 info using node@v0.8.9
4 verbose read json /home/runvnc/cureblog/components/emailcollector/package.json
5 error install Couldn't read dependencies
6 error Failed to parse json
6 error Unexpected end of input
7 error File: /home/runvnc/cureblog/components/emailcollector/package.json
8 error Failed to parse package.json data.
8 error package.json must be actual JSON, not just JavaScript.
8 error
8 error This is not a bug in npm.
8 error Tell the package author to fix their package.json file. JSON.parse
9 error System Linux 3.2.0-29-generic
10 error command "/home/runvnc/local/bin/node" "/home/runvnc/local/bin/npm" "install"
11 error cwd /home/runvnc/cureblog/components/emailcollector
12 error node -v v0.8.9
13 error npm -v 1.1.61
14 error file /home/runvnc/cureblog/components/emailcollector/package.json
15 error code EJSONPARSE
16 verbose exit [ 1, true ]
